<?xml version="1.0" encoding="UTF-8"?>
<!-- Generated by org.testng.reporters.JUnitXMLReporter -->
<testsuite hostname="DESKTOP-6S7G24D" ignored="0" name="Default test" tests="3" failures="0" timestamp="2021-11-18T15:05:11 IST" time="29.656" errors="0">
  <testcase name="login" time="5.546" classname="testScripts.DataParamJson"/>
  <testcase name="login" time="5.765" classname="testScripts.DataParamJson"/>
  <testcase name="login" time="5.897" classname="testScripts.DataParamJson"/>
</testsuite> <!-- Default test -->
